<?xml version="1.0" encoding="UTF-8"?>
<!-- Generated by org.testng.reporters.JUnitReportReporter -->
<testsuite hostname="TYSS-Akash-Deb" failures="0" tests="1" name="vtiger.leads_module.ToCreateALeadTest" time="8.607" errors="0" timestamp="04 May 2024 12:04:36 GMT" skipped="0">
  <testcase classname="vtiger.leads_module.ToCreateALeadTest" name="toCreateALeadAndToVerifyTheLeadinformationTest" time="8.607"/>
</testsuite> <!-- vtiger.leads_module.ToCreateALeadTest -->
